<?xml version="1.0" encoding="UTF-8"?>
<!-- Generated by org.testng.reporters.JUnitXMLReporter -->
<testsuite ignored="0" hostname="DESKTOP-KIS4N2E" failures="1" tests="2" name="Test" time="47.964" errors="0" timestamp="2024-01-25T15:11:40 IST">
  <testcase classname="coverFoxTest.CF_TC556_Validate_pinCode_ErrorMsg" name="validate_pinCode_ErrorMsg" time="0.005">
    <failure type="java.lang.AssertionError" message="null">
      <![CDATA[java.lang.AssertionError: null
at coverFoxTest.CF_TC556_Validate_pinCode_ErrorMsg.validate_pinCode_ErrorMsg(CF_TC556_Validate_pinCode_ErrorMsg.java:63)
at java.base/java.util.ArrayList.forEach(ArrayList.java:1511)
... Removed 33 stack frames]]>
    </failure>
  </testcase> <!-- validate_pinCode_ErrorMsg -->
  <testcase classname="coverFoxTest.CF_TC555_Validate_search_results_for_healthcare_policies" name="validateTestPlansFromTextAndBanners" time="13.085"/>
</testsuite> <!-- Test -->
